[debug] [2020-09-21T20:01:50.141Z] ----------------------------------------------------------------------
[debug] [2020-09-21T20:01:50.142Z] Command:       C:\Program Files\nodejs\node.exe C:\Users\anton\AppData\Roaming\npm\node_modules\firebase-tools\lib\bin\firebase.js deploy
[debug] [2020-09-21T20:01:50.143Z] CLI Version:   8.10.0
[debug] [2020-09-21T20:01:50.143Z] Platform:      win32
[debug] [2020-09-21T20:01:50.143Z] Node Version:  v12.18.3
[debug] [2020-09-21T20:01:50.144Z] Time:          Mon Sep 21 2020 22:01:50 GMT+0200 (GMT+02:00)
[debug] [2020-09-21T20:01:50.144Z] ----------------------------------------------------------------------
[debug] [2020-09-21T20:01:50.144Z] 
[debug] [2020-09-21T20:01:50.153Z] > command requires scopes: ["email","openid","https://www.googleapis.com/auth/cloudplatformprojects.readonly","https://www.googleapis.com/auth/firebase","https://www.googleapis.com/auth/cloud-platform"]
[debug] [2020-09-21T20:01:50.153Z] > authorizing via signed-in user
[debug] [2020-09-21T20:01:50.153Z] [iam] checking project antonicaroldev for permissions ["firebase.projects.get","firebasehosting.sites.update"]
[debug] [2020-09-21T20:01:50.156Z] >>> HTTP REQUEST POST https://cloudresourcemanager.googleapis.com/v1/projects/antonicaroldev:testIamPermissions  
 {"permissions":["firebase.projects.get","firebasehosting.sites.update"]}
[debug] [2020-09-21T20:01:57.966Z] <<< HTTP RESPONSE 200 {"content-type":"application/json; charset=UTF-8","vary":"X-Origin, Referer, Origin,Accept-Encoding","date":"Mon, 21 Sep 2020 20:01:57 GMT","server":"ESF","cache-control":"private","x-xss-protection":"0","x-frame-options":"SAMEORIGIN","x-content-type-options":"nosniff","server-timing":"gfet4t7; dur=667","alt-svc":"h3-Q050=\":443\"; ma=2592000,h3-29=\":443\"; ma=2592000,h3-27=\":443\"; ma=2592000,h3-T051=\":443\"; ma=2592000,h3-T050=\":443\"; ma=2592000,h3-Q046=\":443\"; ma=2592000,h3-Q043=\":443\"; ma=2592000,quic=\":443\"; ma=2592000; v=\"46,43\"","accept-ranges":"none","transfer-encoding":"chunked"}
[debug] [2020-09-21T20:01:57.970Z] >>> HTTP REQUEST GET https://firebase.googleapis.com/v1beta1/projects/antonicaroldev  
 
[debug] [2020-09-21T20:01:58.220Z] <<< HTTP RESPONSE 200 {"content-type":"application/json; charset=UTF-8","vary":"X-Origin, Referer, Origin,Accept-Encoding","date":"Mon, 21 Sep 2020 20:01:58 GMT","server":"ESF","cache-control":"private","x-xss-protection":"0","x-frame-options":"SAMEORIGIN","x-content-type-options":"nosniff","alt-svc":"h3-Q050=\":443\"; ma=2592000,h3-29=\":443\"; ma=2592000,h3-27=\":443\"; ma=2592000,h3-T051=\":443\"; ma=2592000,h3-T050=\":443\"; ma=2592000,h3-Q046=\":443\"; ma=2592000,h3-Q043=\":443\"; ma=2592000,quic=\":443\"; ma=2592000; v=\"46,43\"","accept-ranges":"none","transfer-encoding":"chunked"}
[info] 
[info] === Deploying to 'antonicaroldev'...
[info] 
[info] i  deploying hosting 
[debug] [2020-09-21T20:01:58.232Z] >>> HTTP REQUEST POST https://firebasehosting.googleapis.com/v1beta1/sites/antonicaroldev/versions  
 {"config":{"rewrites":[{"glob":"**","path":"/index.html"}]},"labels":{"deployment-tool":"cli-firebase"}}
[debug] [2020-09-21T20:01:59.485Z] <<< HTTP RESPONSE 200 {"content-type":"application/json; charset=UTF-8","vary":"X-Origin, Referer, Origin,Accept-Encoding","date":"Mon, 21 Sep 2020 20:01:59 GMT","server":"ESF","cache-control":"private","x-xss-protection":"0","x-frame-options":"SAMEORIGIN","x-content-type-options":"nosniff","alt-svc":"h3-Q050=\":443\"; ma=2592000,h3-29=\":443\"; ma=2592000,h3-27=\":443\"; ma=2592000,h3-T051=\":443\"; ma=2592000,h3-T050=\":443\"; ma=2592000,h3-Q046=\":443\"; ma=2592000,h3-Q043=\":443\"; ma=2592000,quic=\":443\"; ma=2592000; v=\"46,43\"","accept-ranges":"none","transfer-encoding":"chunked"}
[info] i  hosting[antonicaroldev]: beginning deploy... 
[info] i  hosting[antonicaroldev]: found 20 files in build 
[debug] [2020-09-21T20:01:59.755Z] [hosting] hash cache [YnVpbGQ] stored for 20 files
[debug] [2020-09-21T20:01:59.756Z] [hosting][hash queue][FINAL] {"max":224,"min":6,"avg":24.7,"active":0,"complete":20,"success":20,"errored":0,"retried":0,"total":20,"elapsed":236}
[debug] [2020-09-21T20:01:59.756Z] >>> HTTP REQUEST POST https://firebasehosting.googleapis.com/v1beta1/sites/antonicaroldev/versions/0ca6e027eef56afd:populateFiles  
 <request body omitted>
[debug] [2020-09-21T20:02:00.812Z] <<< HTTP RESPONSE 200 {"content-type":"application/json; charset=UTF-8","vary":"X-Origin, Referer, Origin,Accept-Encoding","date":"Mon, 21 Sep 2020 20:02:00 GMT","server":"ESF","cache-control":"private","x-xss-protection":"0","x-frame-options":"SAMEORIGIN","x-content-type-options":"nosniff","alt-svc":"h3-Q050=\":443\"; ma=2592000,h3-29=\":443\"; ma=2592000,h3-27=\":443\"; ma=2592000,h3-T051=\":443\"; ma=2592000,h3-T050=\":443\"; ma=2592000,h3-Q046=\":443\"; ma=2592000,h3-Q043=\":443\"; ma=2592000,quic=\":443\"; ma=2592000; v=\"46,43\"","accept-ranges":"none","transfer-encoding":"chunked"}
[debug] [2020-09-21T20:02:00.820Z] [hosting][populate queue][FINAL] {"max":1060,"min":1060,"avg":1060,"active":0,"complete":1,"success":1,"errored":0,"retried":0,"total":1,"elapsed":1066}
[debug] [2020-09-21T20:02:00.820Z] [hosting] uploads queued: 6
